<?xml version="1.0" encoding="UTF-8" ?>
<!--

    Copyright (c) 2009 Stephan Schloepke and innoQ Deutschland GmbH

    Stephan Schloepke: http://www.schloepke.de/
    innoQ Deutschland GmbH: http://www.innoq.com/

    Permission is hereby granted, free of charge, to any person obtaining a copy
    of this software and associated documentation files (the "Software"), to deal
    in the Software without restriction, including without limitation the rights
    to use, copy, modify, merge, publish, distribute, sublicense, and/or sell
    copies of the Software, and to permit persons to whom the Software is
    furnished to do so, subject to the following conditions:

    The above copyright notice and this permission notice shall be included in
    all copies or substantial portions of the Software.

    THE SOFTWARE IS PROVIDED "AS IS", WITHOUT WARRANTY OF ANY KIND, EXPRESS OR
    IMPLIED, INCLUDING BUT NOT LIMITED TO THE WARRANTIES OF MERCHANTABILITY,
    FITNESS FOR A PARTICULAR PURPOSE AND NONINFRINGEMENT. IN NO EVENT SHALL THE
    AUTHORS OR COPYRIGHT HOLDERS BE LIABLE FOR ANY CLAIM, DAMAGES OR OTHER
    LIABILITY, WHETHER IN AN ACTION OF CONTRACT, TORT OR OTHERWISE, ARISING FROM,
    OUT OF OR IN CONNECTION WITH THE SOFTWARE OR THE USE OR OTHER DEALINGS IN
    THE SOFTWARE.

-->
<testsuite failures="0" time="0.068" errors="1" skipped="0" tests="7" name="org.jbasics.math.arbitrary.ArbitraryIntegerTest">
  <properties>
    <property name="java.runtime.name" value="Java(TM) SE Runtime Environment"/>
    <property name="sun.boot.library.path" value="C:\ude\jdk\jre\bin"/>
    <property name="java.vm.version" value="20.0-b11"/>
    <property name="java.vm.vendor" value="Sun Microsystems Inc."/>
    <property name="java.vendor.url" value="http://java.sun.com/"/>
    <property name="path.separator" value=";"/>
    <property name="java.vm.name" value="Java HotSpot(TM) Client VM"/>
    <property name="file.encoding.pkg" value="sun.io"/>
    <property name="user.country" value="DE"/>
    <property name="sun.java.launcher" value="SUN_STANDARD"/>
    <property name="sun.os.patch.level" value=""/>
    <property name="java.vm.specification.name" value="Java Virtual Machine Specification"/>
    <property name="user.dir" value="C:\Projects\external-innoq\jbasics"/>
    <property name="java.runtime.version" value="1.6.0_25-b06"/>
    <property name="java.awt.graphicsenv" value="sun.awt.Win32GraphicsEnvironment"/>
    <property name="basedir" value="C:\Projects\external-innoq\jbasics"/>
    <property name="java.endorsed.dirs" value="C:\ude\jdk\jre\lib\endorsed"/>
    <property name="os.arch" value="x86"/>
    <property name="surefire.real.class.path" value="C:\Users\SchlS1\AppData\Local\Temp\surefirebooter6943853390874495942.jar"/>
    <property name="java.io.tmpdir" value="C:\Users\SchlS1\AppData\Local\Temp\"/>
    <property name="line.separator" value="
"/>
    <property name="java.vm.specification.vendor" value="Sun Microsystems Inc."/>
    <property name="user.variant" value=""/>
    <property name="os.name" value="Windows 7"/>
    <property name="sun.jnu.encoding" value="Cp1252"/>
    <property name="java.library.path" value="C:\ude\jdk\jre\bin;.;C:\Windows\Sun\Java\bin;C:\Windows\system32;C:\Windows;C:\Windows\system32;C:\Windows;C:\Windows\System32\Wbem;C:\Windows\System32\WindowsPowerShell\v1.0\;C:\Program Files (x86)\Enterprise Vault\EVClient\;c:\ude\bin;c:\ude\tools\maven\bin;c:\ude\tools\subversion\bin;c:\ude\jdk\bin;C:\Program Files (x86)\Git\cmd;C:\Program Files\TortoiseSVN\bin;C:\Program Files\TortoiseGit\bin"/>
    <property name="surefire.test.class.path" value="C:\Projects\external-innoq\jbasics\target\test-classes;C:\Projects\external-innoq\jbasics\target\classes;C:\Users\SchlS1\.m2\repository\javax\persistence\persistence-api\1.0\persistence-api-1.0.jar;C:\Users\SchlS1\.m2\repository\javax\servlet\servlet-api\2.5\servlet-api-2.5.jar;C:\Users\SchlS1\.m2\repository\javax\xml\bind\jaxb-api\2.1\jaxb-api-2.1.jar;C:\Users\SchlS1\.m2\repository\javax\xml\stream\stax-api\1.0-2\stax-api-1.0-2.jar;C:\Users\SchlS1\.m2\repository\javax\activation\activation\1.1\activation-1.1.jar;C:\Users\SchlS1\.m2\repository\javax\ws\rs\jsr311-api\1.1.1\jsr311-api-1.1.1.jar;C:\Users\SchlS1\.m2\repository\junit\junit\4.8.2\junit-4.8.2.jar;C:\Users\SchlS1\.m2\repository\commons-codec\commons-codec\1.2\commons-codec-1.2.jar;"/>
    <property name="java.specification.name" value="Java Platform API Specification"/>
    <property name="java.class.version" value="50.0"/>
    <property name="sun.management.compiler" value="HotSpot Client Compiler"/>
    <property name="os.version" value="6.1"/>
    <property name="user.home" value="C:\Users\SchlS1"/>
    <property name="user.timezone" value=""/>
    <property name="java.awt.printerjob" value="sun.awt.windows.WPrinterJob"/>
    <property name="java.specification.version" value="1.6"/>
    <property name="file.encoding" value="Cp1252"/>
    <property name="user.name" value="schls1"/>
    <property name="java.class.path" value="C:\Projects\external-innoq\jbasics\target\test-classes;C:\Projects\external-innoq\jbasics\target\classes;C:\Users\SchlS1\.m2\repository\javax\persistence\persistence-api\1.0\persistence-api-1.0.jar;C:\Users\SchlS1\.m2\repository\javax\servlet\servlet-api\2.5\servlet-api-2.5.jar;C:\Users\SchlS1\.m2\repository\javax\xml\bind\jaxb-api\2.1\jaxb-api-2.1.jar;C:\Users\SchlS1\.m2\repository\javax\xml\stream\stax-api\1.0-2\stax-api-1.0-2.jar;C:\Users\SchlS1\.m2\repository\javax\activation\activation\1.1\activation-1.1.jar;C:\Users\SchlS1\.m2\repository\javax\ws\rs\jsr311-api\1.1.1\jsr311-api-1.1.1.jar;C:\Users\SchlS1\.m2\repository\junit\junit\4.8.2\junit-4.8.2.jar;C:\Users\SchlS1\.m2\repository\commons-codec\commons-codec\1.2\commons-codec-1.2.jar;"/>
    <property name="java.vm.specification.version" value="1.0"/>
    <property name="sun.arch.data.model" value="32"/>
    <property name="java.home" value="C:\ude\jdk\jre"/>
    <property name="sun.java.command" value="C:\Users\SchlS1\AppData\Local\Temp\surefirebooter6943853390874495942.jar C:\Users\SchlS1\AppData\Local\Temp\surefire765163854488923526tmp C:\Users\SchlS1\AppData\Local\Temp\surefire6691412849492099315tmp"/>
    <property name="java.specification.vendor" value="Sun Microsystems Inc."/>
    <property name="user.language" value="de"/>
    <property name="awt.toolkit" value="sun.awt.windows.WToolkit"/>
    <property name="java.vm.info" value="mixed mode, sharing"/>
    <property name="java.version" value="1.6.0_25"/>
    <property name="java.ext.dirs" value="C:\ude\jdk\jre\lib\ext;C:\Windows\Sun\Java\lib\ext"/>
    <property name="sun.boot.class.path" value="C:\ude\jdk\jre\lib\resources.jar;C:\ude\jdk\jre\lib\rt.jar;C:\ude\jdk\jre\lib\sunrsasign.jar;C:\ude\jdk\jre\lib\jsse.jar;C:\ude\jdk\jre\lib\jce.jar;C:\ude\jdk\jre\lib\charsets.jar;C:\ude\jdk\jre\lib\modules\jdk.boot.jar;C:\ude\jdk\jre\classes"/>
    <property name="java.vendor" value="Sun Microsystems Inc."/>
    <property name="localRepository" value="C:\Users\SchlS1\.m2\repository"/>
    <property name="file.separator" value="\"/>
    <property name="java.vendor.url.bug" value="http://java.sun.com/cgi-bin/bugreport.cgi"/>
    <property name="sun.cpu.endian" value="little"/>
    <property name="sun.io.unicode.encoding" value="UnicodeLittle"/>
    <property name="sun.desktop" value="windows"/>
    <property name="sun.cpu.isalist" value="pentium_pro+mmx pentium_pro pentium+mmx pentium i486 i386 i86"/>
  </properties>
  <testcase time="0.007" classname="org.jbasics.math.arbitrary.ArbitraryIntegerTest" name="testValueOfInt"/>
  <testcase time="0.017" classname="org.jbasics.math.arbitrary.ArbitraryIntegerTest" name="testValueOfBytes"/>
  <testcase time="0.009" classname="org.jbasics.math.arbitrary.ArbitraryIntegerTest" name="testCheckFunctions"/>
  <testcase time="0.011" classname="org.jbasics.math.arbitrary.ArbitraryIntegerTest" name="testUnaryFunctions"/>
  <testcase time="0.019" classname="org.jbasics.math.arbitrary.ArbitraryIntegerTest" name="testAddAndSubtract">
    <error message="Subtraction Underflow (x - y where x &lt; y which is by contract not allowed here)" type="java.lang.ArithmeticException">java.lang.ArithmeticException: Subtraction Underflow (x - y where x &lt; y which is by contract not allowed here)
	at org.jbasics.math.arbitrary.internal.Int32CalculationImpl.subtract(Int32CalculationImpl.java:149)
	at org.jbasics.math.arbitrary.internal.Int32CalculationImpl.subtract(Int32CalculationImpl.java:119)
	at org.jbasics.math.arbitrary.ArbitraryInteger.add(ArbitraryInteger.java:229)
	at org.jbasics.math.arbitrary.ArbitraryIntegerTest.testAddAndSubtract(ArbitraryIntegerTest.java:143)
	at sun.reflect.NativeMethodAccessorImpl.invoke0(Native Method)
	at sun.reflect.NativeMethodAccessorImpl.invoke(NativeMethodAccessorImpl.java:39)
	at sun.reflect.DelegatingMethodAccessorImpl.invoke(DelegatingMethodAccessorImpl.java:25)
	at java.lang.reflect.Method.invoke(Method.java:597)
	at org.junit.runners.model.FrameworkMethod$1.runReflectiveCall(FrameworkMethod.java:44)
	at org.junit.internal.runners.model.ReflectiveCallable.run(ReflectiveCallable.java:15)
	at org.junit.runners.model.FrameworkMethod.invokeExplosively(FrameworkMethod.java:41)
	at org.junit.internal.runners.statements.InvokeMethod.evaluate(InvokeMethod.java:20)
	at org.junit.runners.BlockJUnit4ClassRunner.runNotIgnored(BlockJUnit4ClassRunner.java:79)
	at org.junit.runners.BlockJUnit4ClassRunner.runChild(BlockJUnit4ClassRunner.java:71)
	at org.junit.runners.BlockJUnit4ClassRunner.runChild(BlockJUnit4ClassRunner.java:49)
	at org.junit.runners.ParentRunner$3.run(ParentRunner.java:193)
	at org.junit.runners.ParentRunner$1.schedule(ParentRunner.java:52)
	at org.junit.runners.ParentRunner.runChildren(ParentRunner.java:191)
	at org.junit.runners.ParentRunner.access$000(ParentRunner.java:42)
	at org.junit.runners.ParentRunner$2.evaluate(ParentRunner.java:184)
	at org.junit.runners.ParentRunner.run(ParentRunner.java:236)
	at org.apache.maven.surefire.junit4.JUnit4TestSet.execute(JUnit4TestSet.java:62)
	at org.apache.maven.surefire.suite.AbstractDirectoryTestSuite.executeTestSet(AbstractDirectoryTestSuite.java:140)
	at org.apache.maven.surefire.suite.AbstractDirectoryTestSuite.execute(AbstractDirectoryTestSuite.java:127)
	at org.apache.maven.surefire.Surefire.run(Surefire.java:177)
	at sun.reflect.NativeMethodAccessorImpl.invoke0(Native Method)
	at sun.reflect.NativeMethodAccessorImpl.invoke(NativeMethodAccessorImpl.java:39)
	at sun.reflect.DelegatingMethodAccessorImpl.invoke(DelegatingMethodAccessorImpl.java:25)
	at java.lang.reflect.Method.invoke(Method.java:597)
	at org.apache.maven.surefire.booter.SurefireBooter.runSuitesInProcess(SurefireBooter.java:345)
	at org.apache.maven.surefire.booter.SurefireBooter.main(SurefireBooter.java:1009)
</error>
  </testcase>
  <testcase time="0.001" classname="org.jbasics.math.arbitrary.ArbitraryIntegerTest" name="testDivide"/>
  <testcase time="0" classname="org.jbasics.math.arbitrary.ArbitraryIntegerTest" name="testMulIdentity"/>
</testsuite>